app/build/intermediates/manifest_merge_blame_file/debug/manifest-merger-blame-debug-report.txt
1<?xml version="1.0" encoding="utf-8"?>
2<manifest xmlns:android="http://schemas.android.com/apk/res/android"
3    package="com.doubleclick.marktinhome"
4    android:versionCode="1"
5    android:versionName="1.0" >
6
7    <uses-sdk
8        android:minSdkVersion="21"
8-->src\main\AndroidManifest.xml
9        android:targetSdkVersion="31" />
9-->src\main\AndroidManifest.xml
10
11    <uses-permission android:name="android.permission.INTERNET" />
11-->src\main\AndroidManifest.xml:6:5-67
11-->src\main\AndroidManifest.xml:6:22-64
12    <uses-permission android:name="android.permission.ACCESS_COARSE_LOCATION" />
12-->src\main\AndroidManifest.xml:7:5-81
12-->src\main\AndroidManifest.xml:7:22-78
13    <uses-permission android:name="android.permission.ACCESS_FINE_LOCATION" />
13-->src\main\AndroidManifest.xml:8:5-79
13-->src\main\AndroidManifest.xml:8:22-76
14    <uses-permission android:name="android.permission.WRITE_EXTERNAL_STORAGE" />
14-->src\main\AndroidManifest.xml:9:5-81
14-->src\main\AndroidManifest.xml:9:22-78
15    <uses-permission android:name="android.permission.READ_EXTERNAL_STORAGE" />
15-->src\main\AndroidManifest.xml:10:5-80
15-->src\main\AndroidManifest.xml:10:22-77
16    <uses-permission android:name="android.permission.ACCESS_NETWORK_STATE" />
16-->src\main\AndroidManifest.xml:11:5-79
16-->src\main\AndroidManifest.xml:11:22-76
17    <uses-permission android:name="android.permission.ACCESS_WIFI_STATE" />
17-->src\main\AndroidManifest.xml:12:5-76
17-->src\main\AndroidManifest.xml:12:22-73
18    <uses-permission android:name="android.permission.RECORD_AUDIO" />
18-->src\main\AndroidManifest.xml:13:5-71
18-->src\main\AndroidManifest.xml:13:22-68
19    <uses-permission android:name="android.permission.READ_CONTACTS" />
19-->src\main\AndroidManifest.xml:14:5-72
19-->src\main\AndroidManifest.xml:14:22-69
20
21    <!-- 在SDCard中创建与删除文件权限 -->
22    <uses-permission android:name="android.permission.MOUNT_UNMOUNT_FILESYSTEMS" /> <!-- 相机权限 -->
22-->[com.lzy.widget:imagepicker:0.5.5] AndroidManifest.xml:12:5-84
22-->[com.lzy.widget:imagepicker:0.5.5] AndroidManifest.xml:12:22-81
23    <uses-permission android:name="android.permission.CAMERA" />
23-->[com.lzy.widget:imagepicker:0.5.5] AndroidManifest.xml:18:5-65
23-->[com.lzy.widget:imagepicker:0.5.5] AndroidManifest.xml:18:22-62
24    <uses-permission android:name="android.permission.WAKE_LOCK" /> <!-- Required by older versions of Google Play services to create IID tokens -->
24-->[com.google.firebase:firebase-messaging:23.0.0] AndroidManifest.xml:23:5-68
24-->[com.google.firebase:firebase-messaging:23.0.0] AndroidManifest.xml:23:22-65
25    <uses-permission android:name="com.google.android.c2dm.permission.RECEIVE" />
25-->[com.google.firebase:firebase-messaging:23.0.0] AndroidManifest.xml:25:5-82
25-->[com.google.firebase:firebase-messaging:23.0.0] AndroidManifest.xml:25:22-79
26
27    <uses-feature
27-->[com.google.android.gms:play-services-maps:18.0.2] AndroidManifest.xml:26:5-28:35
28        android:glEsVersion="0x00020000"
28-->[com.google.android.gms:play-services-maps:18.0.2] AndroidManifest.xml:27:9-41
29        android:required="true" />
29-->[com.google.android.gms:play-services-maps:18.0.2] AndroidManifest.xml:28:9-32
30
31    <queries>
31-->[com.google.android.gms:play-services-maps:18.0.2] AndroidManifest.xml:30:5-34:15
32
33        <!-- Needs to be explicitly declared on Android R+ -->
34        <package android:name="com.google.android.apps.maps" />
34-->[com.google.android.gms:play-services-maps:18.0.2] AndroidManifest.xml:33:9-64
34-->[com.google.android.gms:play-services-maps:18.0.2] AndroidManifest.xml:33:18-61
35    </queries>
36
37    <permission
37-->[androidx.core:core:1.9.0-alpha03] AndroidManifest.xml:24:5-26:47
38        android:name="com.doubleclick.marktinhome.DYNAMIC_RECEIVER_NOT_EXPORTED_PERMISSION"
38-->[androidx.core:core:1.9.0-alpha03] AndroidManifest.xml:25:9-81
39        android:protectionLevel="signature" />
39-->[androidx.core:core:1.9.0-alpha03] AndroidManifest.xml:26:9-44
40
41    <uses-permission android:name="com.doubleclick.marktinhome.DYNAMIC_RECEIVER_NOT_EXPORTED_PERMISSION" />
41-->[androidx.core:core:1.9.0-alpha03] AndroidManifest.xml:28:5-97
41-->[androidx.core:core:1.9.0-alpha03] AndroidManifest.xml:28:22-94
42    <uses-permission android:name="android.permission.VIBRATE" />
42-->[io.card:android-sdk:5.5.1] AndroidManifest.xml:10:5-66
42-->[io.card:android-sdk:5.5.1] AndroidManifest.xml:10:22-63
43
44    <uses-feature
44-->[io.card:android-sdk:5.5.1] AndroidManifest.xml:12:5-14:36
45        android:name="android.hardware.camera"
45-->[io.card:android-sdk:5.5.1] AndroidManifest.xml:13:9-47
46        android:required="false" />
46-->[io.card:android-sdk:5.5.1] AndroidManifest.xml:14:9-33
47    <uses-feature
47-->[io.card:android-sdk:5.5.1] AndroidManifest.xml:15:5-17:36
48        android:name="android.hardware.camera.autofocus"
48-->[io.card:android-sdk:5.5.1] AndroidManifest.xml:16:9-57
49        android:required="false" />
49-->[io.card:android-sdk:5.5.1] AndroidManifest.xml:17:9-33
50
51    <application
51-->src\main\AndroidManifest.xml:16:5-135:19
52        android:name="com.doubleclick.marktinhome.BaseApplication"
52-->src\main\AndroidManifest.xml:17:9-40
53        android:allowBackup="true"
53-->src\main\AndroidManifest.xml:18:9-35
54        android:appComponentFactory="androidx.core.app.CoreComponentFactory"
54-->[androidx.core:core:1.9.0-alpha03] AndroidManifest.xml:30:18-86
55        android:debuggable="true"
56        android:icon="@mipmap/ic_launcher"
56-->src\main\AndroidManifest.xml:19:9-43
57        android:label="@string/app_name"
57-->src\main\AndroidManifest.xml:20:9-41
58        android:requestLegacyExternalStorage="true"
58-->src\main\AndroidManifest.xml:21:9-52
59        android:roundIcon="@mipmap/ic_launcher_round"
59-->src\main\AndroidManifest.xml:22:9-54
60        android:supportsRtl="true"
60-->src\main\AndroidManifest.xml:23:9-35
61        android:testOnly="true"
62        android:theme="@style/Theme.MarktInHome" >
62-->src\main\AndroidManifest.xml:24:9-49
63        <activity
63-->src\main\AndroidManifest.xml:25:9-27:40
64            android:name="com.doubleclick.marktinhome.ui.MainScreen.Groups.ViewActivity"
64-->src\main\AndroidManifest.xml:26:13-62
65            android:exported="false" />
65-->src\main\AndroidManifest.xml:27:13-37
66        <activity
66-->src\main\AndroidManifest.xml:28:9-30:40
67            android:name="com.doubleclick.marktinhome.ui.MainScreen.Parents.ParentActivity"
67-->src\main\AndroidManifest.xml:29:13-65
68            android:exported="false" />
68-->src\main\AndroidManifest.xml:30:13-37
69        <activity
69-->src\main\AndroidManifest.xml:31:9-33:40
70            android:name="com.doubleclick.marktinhome.ui.MainScreen.Groups.Comments.CommentGroupActivity"
70-->src\main\AndroidManifest.xml:32:13-79
71            android:exported="false" />
71-->src\main\AndroidManifest.xml:33:13-37
72        <activity
72-->src\main\AndroidManifest.xml:34:9-36:40
73            android:name="com.doubleclick.marktinhome.ui.MainScreen.Groups.CreateGroupActivity"
73-->src\main\AndroidManifest.xml:35:13-69
74            android:exported="false" />
74-->src\main\AndroidManifest.xml:36:13-37
75        <activity
75-->src\main\AndroidManifest.xml:37:9-39:40
76            android:name="com.doubleclick.marktinhome.ui.MainScreen.Groups.CreatePostActivity"
76-->src\main\AndroidManifest.xml:38:13-68
77            android:exported="false" />
77-->src\main\AndroidManifest.xml:39:13-37
78        <activity
78-->src\main\AndroidManifest.xml:40:9-43:68
79            android:name="com.doubleclick.marktinhome.ui.MainScreen.Groups.GroupsActivity"
79-->src\main\AndroidManifest.xml:41:13-64
80            android:exported="false"
80-->src\main\AndroidManifest.xml:42:13-37
81            android:theme="@style/Theme.MarktInHome.NoActionBar" />
81-->src\main\AndroidManifest.xml:43:13-65
82        <activity
82-->src\main\AndroidManifest.xml:44:9-46:40
83            android:name="com.doubleclick.marktinhome.ui.Advertisement.EditAdvertisementActivity"
83-->src\main\AndroidManifest.xml:45:13-71
84            android:exported="false" />
84-->src\main\AndroidManifest.xml:46:13-37
85        <activity
85-->src\main\AndroidManifest.xml:47:9-49:40
86            android:name="com.doubleclick.marktinhome.ui.Trademark.EditTradmarkActivity"
86-->src\main\AndroidManifest.xml:48:13-62
87            android:exported="false" />
87-->src\main\AndroidManifest.xml:49:13-37
88        <!--
89             TODO: Before you run your application, you need a Google Maps API key.
90
91             To get one, follow the directions here:
92
93                https://developers.google.com/maps/documentation/android-sdk/get-api-key
94
95             Once you have your API key (it starts with "AIza"), define a new property in your
96             project's local.properties file (e.g. MAPS_API_KEY=Aiza...), and replace the
97             "YOUR_API_KEY" string in this file with "${MAPS_API_KEY}".
98        -->
99        <meta-data
99-->src\main\AndroidManifest.xml:61:9-63:55
100            android:name="com.google.android.geo.API_KEY"
100-->src\main\AndroidManifest.xml:62:13-58
101            android:value="@string/google_maps_key" />
101-->src\main\AndroidManifest.xml:63:13-52
102
103        <activity
103-->src\main\AndroidManifest.xml:65:9-67:40
104            android:name="com.doubleclick.DashBoard.DashBoardActivity"
104-->src\main\AndroidManifest.xml:66:13-71
105            android:exported="false" />
105-->src\main\AndroidManifest.xml:67:13-37
106        <activity
106-->src\main\AndroidManifest.xml:68:9-70:40
107            android:name="com.doubleclick.marktinhome.ui.MainScreen.Chat.ChatActivity"
107-->src\main\AndroidManifest.xml:69:13-60
108            android:exported="false" />
108-->src\main\AndroidManifest.xml:70:13-37
109        <activity
109-->src\main\AndroidManifest.xml:71:9-73:40
110            android:name="com.doubleclick.marktinhome.ui.MainScreen.Comments.CommentsActivity"
110-->src\main\AndroidManifest.xml:72:13-68
111            android:exported="false" />
111-->src\main\AndroidManifest.xml:73:13-37
112        <activity
112-->src\main\AndroidManifest.xml:74:9-76:40
113            android:name="com.doubleclick.marktinhome.ui.ProductActivity.productActivity"
113-->src\main\AndroidManifest.xml:75:13-63
114            android:exported="false" />
114-->src\main\AndroidManifest.xml:76:13-37
115        <activity
115-->src\main\AndroidManifest.xml:77:9-79:40
116            android:name="com.doubleclick.marktinhome.ui.Filter.FilterActivity"
116-->src\main\AndroidManifest.xml:78:13-53
117            android:exported="false" />
117-->src\main\AndroidManifest.xml:79:13-37
118        <activity
118-->src\main\AndroidManifest.xml:80:9-82:40
119            android:name="com.doubleclick.Address.AddressActivity"
119-->src\main\AndroidManifest.xml:81:13-67
120            android:exported="false" />
120-->src\main\AndroidManifest.xml:82:13-37
121        <activity
121-->src\main\AndroidManifest.xml:83:9-85:40
122            android:name="com.doubleclick.marktinhome.ui.Trademark.TrademarkActivity"
122-->src\main\AndroidManifest.xml:84:13-59
123            android:exported="false" />
123-->src\main\AndroidManifest.xml:85:13-37
124        <activity
124-->src\main\AndroidManifest.xml:86:9-88:40
125            android:name="com.doubleclick.marktinhome.ui.Advertisement.AdvertisementActivity"
125-->src\main\AndroidManifest.xml:87:13-67
126            android:exported="false" />
126-->src\main\AndroidManifest.xml:88:13-37
127        <activity
127-->src\main\AndroidManifest.xml:89:9-91:40
128            android:name="com.doubleclick.marktinhome.Seller.SellerActivity"
128-->src\main\AndroidManifest.xml:90:13-50
129            android:exported="false" />
129-->src\main\AndroidManifest.xml:91:13-37
130        <activity
130-->src\main\AndroidManifest.xml:92:9-94:39
131            android:name="com.doubleclick.marktinhome.ui.MainScreen.MainScreenActivity"
131-->src\main\AndroidManifest.xml:93:13-61
132            android:exported="true" />
132-->src\main\AndroidManifest.xml:94:13-36
133        <activity
133-->src\main\AndroidManifest.xml:95:9-113:20
134            android:name="com.doubleclick.marktinhome.MainActivity"
134-->src\main\AndroidManifest.xml:96:13-41
135            android:exported="true" >
135-->src\main\AndroidManifest.xml:97:13-36
136            <intent-filter>
136-->src\main\AndroidManifest.xml:98:13-102:29
137                <action android:name="android.intent.action.MAIN" />
137-->src\main\AndroidManifest.xml:99:17-69
137-->src\main\AndroidManifest.xml:99:25-66
138
139                <category android:name="android.intent.category.LAUNCHER" />
139-->src\main\AndroidManifest.xml:101:17-77
139-->src\main\AndroidManifest.xml:101:27-74
140            </intent-filter>
141            <intent-filter>
141-->src\main\AndroidManifest.xml:103:13-112:29
142                <action android:name="android.intent.action.VIEW" />
142-->src\main\AndroidManifest.xml:104:17-69
142-->src\main\AndroidManifest.xml:104:25-66
143
144                <category android:name="android.intent.category.DEFAULT" />
144-->src\main\AndroidManifest.xml:106:17-76
144-->src\main\AndroidManifest.xml:106:27-73
145                <category android:name="android.intent.category.BROWSABLE" />
145-->src\main\AndroidManifest.xml:107:17-78
145-->src\main\AndroidManifest.xml:107:27-75
146
147                <data
147-->src\main\AndroidManifest.xml:109:17-111:46
148                    android:host="www.market.doublethink.com"
148-->src\main\AndroidManifest.xml:110:21-62
149                    android:scheme="https" />
149-->src\main\AndroidManifest.xml:111:21-43
150            </intent-filter>
151        </activity>
152        <activity
152-->src\main\AndroidManifest.xml:114:9-116:40
153            android:name="com.doubleclick.RichEditor.sample.RichEditorActivity"
153-->src\main\AndroidManifest.xml:115:13-80
154            android:exported="false" />
154-->src\main\AndroidManifest.xml:116:13-37
155        <activity
155-->src\main\AndroidManifest.xml:117:9-119:40
156            android:name="com.doubleclick.marktinhome.ui.Add.AddActivity"
156-->src\main\AndroidManifest.xml:118:13-47
157            android:exported="false" />
157-->src\main\AndroidManifest.xml:119:13-37
158
159        <meta-data
159-->src\main\AndroidManifest.xml:121:9-123:57
160            android:name="preloaded_fonts"
160-->src\main\AndroidManifest.xml:122:13-43
161            android:resource="@array/preloaded_fonts" />
161-->src\main\AndroidManifest.xml:123:13-54
162
163        <service
163-->src\main\AndroidManifest.xml:125:9-132:19
164            android:name="com.doubleclick.marktinhome.Notifications.MyFirebaseMessaging"
164-->src\main\AndroidManifest.xml:126:13-62
165            android:enabled="true"
165-->src\main\AndroidManifest.xml:127:13-35
166            android:exported="true" >
166-->src\main\AndroidManifest.xml:128:13-36
167            <intent-filter>
167-->src\main\AndroidManifest.xml:129:13-131:29
168                <action android:name="com.google.firebase.MESSAGING_EVENT" />
168-->src\main\AndroidManifest.xml:130:17-78
168-->src\main\AndroidManifest.xml:130:25-75
169            </intent-filter>
170        </service>
171
172        <receiver android:name="com.doubleclick.Servies.NotificationReceiver" />
172-->src\main\AndroidManifest.xml:134:9-81
172-->src\main\AndroidManifest.xml:134:19-78
173
174        <activity
174-->[com.blankj:utilcodex:1.29.0] AndroidManifest.xml:10:9-14:75
175            android:name="com.blankj.utilcode.util.UtilsTransActivity4MainProcess"
175-->[com.blankj:utilcodex:1.29.0] AndroidManifest.xml:11:13-83
176            android:configChanges="orientation|keyboardHidden|screenSize"
176-->[com.blankj:utilcodex:1.29.0] AndroidManifest.xml:12:13-74
177            android:theme="@style/ActivityTranslucent"
177-->[com.blankj:utilcodex:1.29.0] AndroidManifest.xml:13:13-55
178            android:windowSoftInputMode="stateHidden|stateAlwaysHidden" />
178-->[com.blankj:utilcodex:1.29.0] AndroidManifest.xml:14:13-72
179        <activity
179-->[com.blankj:utilcodex:1.29.0] AndroidManifest.xml:15:9-20:75
180            android:name="com.blankj.utilcode.util.UtilsTransActivity"
180-->[com.blankj:utilcodex:1.29.0] AndroidManifest.xml:16:13-71
181            android:configChanges="orientation|keyboardHidden|screenSize"
181-->[com.blankj:utilcodex:1.29.0] AndroidManifest.xml:17:13-74
182            android:multiprocess="true"
182-->[com.blankj:utilcodex:1.29.0] AndroidManifest.xml:18:13-40
183            android:theme="@style/ActivityTranslucent"
183-->[com.blankj:utilcodex:1.29.0] AndroidManifest.xml:19:13-55
184            android:windowSoftInputMode="stateHidden|stateAlwaysHidden" />
184-->[com.blankj:utilcodex:1.29.0] AndroidManifest.xml:20:13-72
185
186        <provider
186-->[com.blankj:utilcodex:1.29.0] AndroidManifest.xml:22:9-30:20
187            android:name="com.blankj.utilcode.util.UtilsFileProvider"
187-->[com.blankj:utilcodex:1.29.0] AndroidManifest.xml:23:13-70
188            android:authorities="com.doubleclick.marktinhome.utilcode.provider"
188-->[com.blankj:utilcodex:1.29.0] AndroidManifest.xml:24:13-69
189            android:exported="false"
189-->[com.blankj:utilcodex:1.29.0] AndroidManifest.xml:25:13-37
190            android:grantUriPermissions="true" >
190-->[com.blankj:utilcodex:1.29.0] AndroidManifest.xml:26:13-47
191            <meta-data
191-->[com.blankj:utilcodex:1.29.0] AndroidManifest.xml:27:13-29:68
192                android:name="android.support.FILE_PROVIDER_PATHS"
192-->[com.blankj:utilcodex:1.29.0] AndroidManifest.xml:28:17-67
193                android:resource="@xml/util_code_provider_paths" />
193-->[com.blankj:utilcodex:1.29.0] AndroidManifest.xml:29:17-65
194        </provider>
195
196        <service
196-->[com.blankj:utilcodex:1.29.0] AndroidManifest.xml:32:9-38:19
197            android:name="com.blankj.utilcode.util.MessengerUtils$ServerService"
197-->[com.blankj:utilcodex:1.29.0] AndroidManifest.xml:33:13-81
198            android:exported="false" >
198-->[com.blankj:utilcodex:1.29.0] AndroidManifest.xml:34:13-37
199            <intent-filter>
199-->[com.blankj:utilcodex:1.29.0] AndroidManifest.xml:35:13-37:29
200                <action android:name="com.doubleclick.marktinhome.messenger" />
200-->[com.blankj:utilcodex:1.29.0] AndroidManifest.xml:36:17-69
200-->[com.blankj:utilcodex:1.29.0] AndroidManifest.xml:36:25-66
201            </intent-filter>
202        </service>
203
204        <activity
204-->[com.karumi:dexter:6.2.3] AndroidManifest.xml:27:9-29:72
205            android:name="com.karumi.dexter.DexterActivity"
205-->[com.karumi:dexter:6.2.3] AndroidManifest.xml:28:13-60
206            android:theme="@style/Dexter.Internal.Theme.Transparent" />
206-->[com.karumi:dexter:6.2.3] AndroidManifest.xml:29:13-69
207        <activity android:name="com.lzy.imagepicker.ui.ImageBaseActivity" />
207-->[com.lzy.widget:imagepicker:0.5.5] AndroidManifest.xml:21:9-77
207-->[com.lzy.widget:imagepicker:0.5.5] AndroidManifest.xml:21:19-74
208        <activity
208-->[com.lzy.widget:imagepicker:0.5.5] AndroidManifest.xml:22:9-25:55
209            android:name="com.lzy.imagepicker.ui.ImageGridActivity"
209-->[com.lzy.widget:imagepicker:0.5.5] AndroidManifest.xml:23:13-68
210            android:configChanges="orientation|screenSize"
210-->[com.lzy.widget:imagepicker:0.5.5] AndroidManifest.xml:24:13-59
211            android:theme="@style/ImagePickerTheme" />
211-->[com.lzy.widget:imagepicker:0.5.5] AndroidManifest.xml:25:13-52
212        <activity
212-->[com.lzy.widget:imagepicker:0.5.5] AndroidManifest.xml:26:9-30:55
213            android:name="com.lzy.imagepicker.ui.ImageCropActivity"
213-->[com.lzy.widget:imagepicker:0.5.5] AndroidManifest.xml:27:13-68
214            android:configChanges="orientation|screenSize"
214-->[com.lzy.widget:imagepicker:0.5.5] AndroidManifest.xml:28:13-59
215            android:hardwareAccelerated="false"
215-->[com.lzy.widget:imagepicker:0.5.5] AndroidManifest.xml:29:13-48
216            android:theme="@style/ImagePickerTheme" />
216-->[com.lzy.widget:imagepicker:0.5.5] AndroidManifest.xml:30:13-52
217        <activity
217-->[com.lzy.widget:imagepicker:0.5.5] AndroidManifest.xml:31:9-34:65
218            android:name="com.lzy.imagepicker.ui.ImagePreviewActivity"
218-->[com.lzy.widget:imagepicker:0.5.5] AndroidManifest.xml:32:13-71
219            android:configChanges="orientation|screenSize"
219-->[com.lzy.widget:imagepicker:0.5.5] AndroidManifest.xml:33:13-59
220            android:theme="@style/ImagePickerThemeFullScreen" />
220-->[com.lzy.widget:imagepicker:0.5.5] AndroidManifest.xml:34:13-62
221
222        <provider
222-->[com.lzy.widget:imagepicker:0.5.5] AndroidManifest.xml:36:9-44:20
223            android:name="com.lzy.imagepicker.ImagePickerProvider"
223-->[com.lzy.widget:imagepicker:0.5.5] AndroidManifest.xml:37:13-67
224            android:authorities="com.doubleclick.marktinhome.provider"
224-->[com.lzy.widget:imagepicker:0.5.5] AndroidManifest.xml:38:13-60
225            android:exported="false"
225-->[com.lzy.widget:imagepicker:0.5.5] AndroidManifest.xml:39:13-37
226            android:grantUriPermissions="true" >
226-->[com.lzy.widget:imagepicker:0.5.5] AndroidManifest.xml:40:13-47
227            <meta-data
227-->[com.blankj:utilcodex:1.29.0] AndroidManifest.xml:27:13-29:68
228                android:name="android.support.FILE_PROVIDER_PATHS"
228-->[com.blankj:utilcodex:1.29.0] AndroidManifest.xml:28:17-67
229                android:resource="@xml/provider_paths" />
229-->[com.blankj:utilcodex:1.29.0] AndroidManifest.xml:29:17-65
230        </provider>
231
232        <activity
232-->[com.google.firebase:firebase-auth:21.0.1] AndroidManifest.xml:27:9-44:20
233            android:name="com.google.firebase.auth.internal.GenericIdpActivity"
233-->[com.google.firebase:firebase-auth:21.0.1] AndroidManifest.xml:28:13-80
234            android:excludeFromRecents="true"
234-->[com.google.firebase:firebase-auth:21.0.1] AndroidManifest.xml:29:13-46
235            android:exported="true"
235-->[com.google.firebase:firebase-auth:21.0.1] AndroidManifest.xml:30:13-36
236            android:launchMode="singleTask"
236-->[com.google.firebase:firebase-auth:21.0.1] AndroidManifest.xml:31:13-44
237            android:theme="@android:style/Theme.Translucent.NoTitleBar" >
237-->[com.google.firebase:firebase-auth:21.0.1] AndroidManifest.xml:32:13-72
238            <intent-filter>
238-->[com.google.firebase:firebase-auth:21.0.1] AndroidManifest.xml:33:13-43:29
239                <action android:name="android.intent.action.VIEW" />
239-->src\main\AndroidManifest.xml:104:17-69
239-->src\main\AndroidManifest.xml:104:25-66
240
241                <category android:name="android.intent.category.DEFAULT" />
241-->src\main\AndroidManifest.xml:106:17-76
241-->src\main\AndroidManifest.xml:106:27-73
242                <category android:name="android.intent.category.BROWSABLE" />
242-->src\main\AndroidManifest.xml:107:17-78
242-->src\main\AndroidManifest.xml:107:27-75
243
244                <data
244-->src\main\AndroidManifest.xml:109:17-111:46
245                    android:host="firebase.auth"
245-->src\main\AndroidManifest.xml:110:21-62
246                    android:path="/"
247                    android:scheme="genericidp" />
247-->src\main\AndroidManifest.xml:111:21-43
248            </intent-filter>
249        </activity>
250        <activity
250-->[com.google.firebase:firebase-auth:21.0.1] AndroidManifest.xml:45:9-62:20
251            android:name="com.google.firebase.auth.internal.RecaptchaActivity"
251-->[com.google.firebase:firebase-auth:21.0.1] AndroidManifest.xml:46:13-79
252            android:excludeFromRecents="true"
252-->[com.google.firebase:firebase-auth:21.0.1] AndroidManifest.xml:47:13-46
253            android:exported="true"
253-->[com.google.firebase:firebase-auth:21.0.1] AndroidManifest.xml:48:13-36
254            android:launchMode="singleTask"
254-->[com.google.firebase:firebase-auth:21.0.1] AndroidManifest.xml:49:13-44
255            android:theme="@android:style/Theme.Translucent.NoTitleBar" >
255-->[com.google.firebase:firebase-auth:21.0.1] AndroidManifest.xml:50:13-72
256            <intent-filter>
256-->[com.google.firebase:firebase-auth:21.0.1] AndroidManifest.xml:51:13-61:29
257                <action android:name="android.intent.action.VIEW" />
257-->src\main\AndroidManifest.xml:104:17-69
257-->src\main\AndroidManifest.xml:104:25-66
258
259                <category android:name="android.intent.category.DEFAULT" />
259-->src\main\AndroidManifest.xml:106:17-76
259-->src\main\AndroidManifest.xml:106:27-73
260                <category android:name="android.intent.category.BROWSABLE" />
260-->src\main\AndroidManifest.xml:107:17-78
260-->src\main\AndroidManifest.xml:107:27-75
261
262                <data
262-->src\main\AndroidManifest.xml:109:17-111:46
263                    android:host="firebase.auth"
263-->src\main\AndroidManifest.xml:110:21-62
264                    android:path="/"
265                    android:scheme="recaptcha" />
265-->src\main\AndroidManifest.xml:111:21-43
266            </intent-filter>
267        </activity>
268
269        <service
269-->[com.google.firebase:firebase-auth:21.0.1] AndroidManifest.xml:64:9-73:19
270            android:name="com.google.firebase.auth.api.fallback.service.FirebaseAuthFallbackService"
270-->[com.google.firebase:firebase-auth:21.0.1] AndroidManifest.xml:65:13-101
271            android:enabled="true"
271-->[com.google.firebase:firebase-auth:21.0.1] AndroidManifest.xml:66:13-35
272            android:exported="false" >
272-->[com.google.firebase:firebase-auth:21.0.1] AndroidManifest.xml:67:13-37
273            <intent-filter>
273-->[com.google.firebase:firebase-auth:21.0.1] AndroidManifest.xml:68:13-72:29
274                <action android:name="com.google.firebase.auth.api.gms.service.START" />
274-->[com.google.firebase:firebase-auth:21.0.1] AndroidManifest.xml:69:17-89
274-->[com.google.firebase:firebase-auth:21.0.1] AndroidManifest.xml:69:25-86
275
276                <category android:name="android.intent.category.DEFAULT" />
276-->src\main\AndroidManifest.xml:106:17-76
276-->src\main\AndroidManifest.xml:106:27-73
277            </intent-filter>
278        </service>
279        <service
279-->[com.google.firebase:firebase-auth:21.0.1] AndroidManifest.xml:74:9-80:19
280            android:name="com.google.firebase.components.ComponentDiscoveryService"
280-->[com.google.firebase:firebase-auth:21.0.1] AndroidManifest.xml:75:13-84
281            android:directBootAware="true"
281-->[com.google.firebase:firebase-common:20.0.0] AndroidManifest.xml:35:13-43
282            android:exported="false" >
282-->[com.google.firebase:firebase-auth:21.0.1] AndroidManifest.xml:76:13-37
283            <meta-data
283-->[com.google.firebase:firebase-auth:21.0.1] AndroidManifest.xml:77:13-79:85
284                android:name="com.google.firebase.components:com.google.firebase.auth.FirebaseAuthRegistrar"
284-->[com.google.firebase:firebase-auth:21.0.1] AndroidManifest.xml:78:17-109
285                android:value="com.google.firebase.components.ComponentRegistrar" />
285-->[com.google.firebase:firebase-auth:21.0.1] AndroidManifest.xml:79:17-82
286            <meta-data
286-->[com.google.firebase:firebase-database:20.0.3] AndroidManifest.xml:32:13-34:85
287                android:name="com.google.firebase.components:com.google.firebase.database.DatabaseRegistrar"
287-->[com.google.firebase:firebase-database:20.0.3] AndroidManifest.xml:33:17-109
288                android:value="com.google.firebase.components.ComponentRegistrar" />
288-->[com.google.firebase:firebase-database:20.0.3] AndroidManifest.xml:34:17-82
289            <meta-data
289-->[com.google.firebase:firebase-firestore:24.0.1] AndroidManifest.xml:20:13-22:85
290                android:name="com.google.firebase.components:com.google.firebase.firestore.FirestoreRegistrar"
290-->[com.google.firebase:firebase-firestore:24.0.1] AndroidManifest.xml:21:17-111
291                android:value="com.google.firebase.components.ComponentRegistrar" />
291-->[com.google.firebase:firebase-firestore:24.0.1] AndroidManifest.xml:22:17-82
292            <meta-data
292-->[com.google.firebase:firebase-storage:20.0.0] AndroidManifest.xml:33:13-35:85
293                android:name="com.google.firebase.components:com.google.firebase.storage.StorageRegistrar"
293-->[com.google.firebase:firebase-storage:20.0.0] AndroidManifest.xml:34:17-107
294                android:value="com.google.firebase.components.ComponentRegistrar" />
294-->[com.google.firebase:firebase-storage:20.0.0] AndroidManifest.xml:35:17-82
295            <meta-data
295-->[com.google.firebase:firebase-messaging:23.0.0] AndroidManifest.xml:52:13-54:85
296                android:name="com.google.firebase.components:com.google.firebase.messaging.FirebaseMessagingRegistrar"
296-->[com.google.firebase:firebase-messaging:23.0.0] AndroidManifest.xml:53:17-119
297                android:value="com.google.firebase.components.ComponentRegistrar" />
297-->[com.google.firebase:firebase-messaging:23.0.0] AndroidManifest.xml:54:17-82
298            <meta-data
298-->[com.google.firebase:firebase-datatransport:18.0.0] AndroidManifest.xml:28:13-30:85
299                android:name="com.google.firebase.components:com.google.firebase.datatransport.TransportRegistrar"
299-->[com.google.firebase:firebase-datatransport:18.0.0] AndroidManifest.xml:29:17-115
300                android:value="com.google.firebase.components.ComponentRegistrar" />
300-->[com.google.firebase:firebase-datatransport:18.0.0] AndroidManifest.xml:30:17-82
301            <meta-data
301-->[com.google.firebase:firebase-installations:17.0.0] AndroidManifest.xml:18:13-20:85